<?xml version="1.0" encoding="UTF-8"?>
<!-- Generated by org.testng.reporters.JUnitReportReporter -->
<testsuite skipped="0" hostname="AnupJ2-MSL1" name="Academy.HomePage" tests="2" failures="0" timestamp="2020-09-19T23:23:45 IST" time="0.518" errors="0">
  <testcase name="basepageNavigation" time="0.223" classname="Academy.HomePage"/>
  <system-out/>
  <testcase name="basepageNavigation" time="0.295" classname="Academy.HomePage"/>
  <system-out/>
</testsuite> <!-- Academy.HomePage -->
