<?xml version="1.0" encoding="UTF-8"?>
<!-- Generated by org.testng.reporters.JUnitReportReporter -->
<testsuite skipped="0" hostname="AnupJ2-MSL1" name="Academy.ValidateNavigationBar" tests="1" failures="0" timestamp="2020-09-19T23:23:45 IST" time="0.098" errors="0">
  <testcase name="validateNavbar" time="0.098" classname="Academy.ValidateNavigationBar"/>
  <system-out/>
</testsuite> <!-- Academy.ValidateNavigationBar -->
